<?xml version="1.0" encoding="UTF-8"?>
<!-- Generated by org.testng.reporters.JUnitReportReporter -->
<testsuite hostname="RAJAT" failures="0" tests="2" name="forBrokenLink.BrockenLinkTestCases" time="12.731" errors="0" timestamp="2024-06-28T03:28:15 IST" skipped="1">
  <testcase classname="forBrokenLink.BrockenLinkTestCases" name="testAllBrokenLinks" time="12.731"/>
  <system-out/>
  <testcase classname="forBrokenLink.BrockenLinkTestCases" name="testSoapUILink">
    <skipped/>
  </testcase> <!-- testSoapUILink -->
  <system-out/>
</testsuite> <!-- forBrokenLink.BrockenLinkTestCases -->
