<?xml version="1.0" encoding="UTF-8"?>
<!-- Generated by org.testng.reporters.JUnitReportReporter -->
<testsuite hostname="RAJAT" failures="0" tests="2" name="SeleniumAuto.RahulShetty.LoginPage" time="14.239" errors="0" timestamp="2024-06-21T22:48:55 IST" skipped="0">
  <testcase classname="SeleniumAuto.RahulShetty.LoginPage" name="basicUrlRun" time="14.236"/>
  <system-out/>
  <testcase classname="SeleniumAuto.RahulShetty.LoginPage" name="samplerun" time="0.003"/>
  <system-out/>
</testsuite> <!-- SeleniumAuto.RahulShetty.LoginPage -->
